  [1m[35m (111.2ms)[0m  [1m[34mSELECT sqlite_version(*)[0m
  [1m[35m (217.8ms)[0m  [1m[35mCREATE TABLE "schema_migrations" ("version" varchar NOT NULL PRIMARY KEY)[0m
  [1m[35m (243.7ms)[0m  [1m[35mCREATE TABLE "ar_internal_metadata" ("key" varchar NOT NULL PRIMARY KEY, "value" varchar, "created_at" datetime(6) NOT NULL, "updated_at" datetime(6) NOT NULL)[0m
  [1m[35m (0.3ms)[0m  [1m[34mSELECT "schema_migrations"."version" FROM "schema_migrations" ORDER BY "schema_migrations"."version" ASC[0m
Migrating to CreateTweets (20210818213301)
  [1m[36mTRANSACTION (0.1ms)[0m  [1m[36mbegin transaction[0m
  [1m[35m (4.9ms)[0m  [1m[35mCREATE TABLE "tweets" ("id" integer PRIMARY KEY AUTOINCREMENT NOT NULL, "tweet" text, "created_at" datetime(6) NOT NULL, "updated_at" datetime(6) NOT NULL)[0m
  [1m[36mActiveRecord::SchemaMigration Create (0.3ms)[0m  [1m[32mINSERT INTO "schema_migrations" ("version") VALUES (?)[0m  [["version", "20210818213301"]]
  [1m[36mTRANSACTION (218.8ms)[0m  [1m[36mcommit transaction[0m
  [1m[36mActiveRecord::InternalMetadata Load (0.6ms)[0m  [1m[34mSELECT "ar_internal_metadata".* FROM "ar_internal_metadata" WHERE "ar_internal_metadata"."key" = ? LIMIT ?[0m  [["key", "environment"], ["LIMIT", 1]]
  [1m[36mTRANSACTION (0.1ms)[0m  [1m[36mbegin transaction[0m
  [1m[36mActiveRecord::InternalMetadata Create (0.4ms)[0m  [1m[32mINSERT INTO "ar_internal_metadata" ("key", "value", "created_at", "updated_at") VALUES (?, ?, ?, ?)[0m  [["key", "environment"], ["value", "development"], ["created_at", "2021-08-18 21:40:11.983176"], ["updated_at", "2021-08-18 21:40:11.983176"]]
  [1m[36mTRANSACTION (338.9ms)[0m  [1m[36mcommit transaction[0m
  [1m[35m (0.2ms)[0m  [1m[34mSELECT sqlite_version(*)[0m
  [1m[35m (0.2ms)[0m  [1m[34mSELECT "schema_migrations"."version" FROM "schema_migrations" ORDER BY "schema_migrations"."version" ASC[0m
Started GET "/" for ::1 at 2021-08-19 00:40:51 +0300
  [1m[35m (0.7ms)[0m  [1m[34mSELECT sqlite_version(*)[0m
  [1m[35m (0.5ms)[0m  [1m[34mSELECT "schema_migrations"."version" FROM "schema_migrations" ORDER BY "schema_migrations"."version" ASC[0m
Processing by Rails::WelcomeController#index as HTML
  Rendering /home/oksana/.rbenv/versions/2.7.2/lib/ruby/gems/2.7.0/gems/railties-6.1.4/lib/rails/templates/rails/welcome/index.html.erb
  Rendered /home/oksana/.rbenv/versions/2.7.2/lib/ruby/gems/2.7.0/gems/railties-6.1.4/lib/rails/templates/rails/welcome/index.html.erb (Duration: 41.1ms | Allocations: 442)
Completed 200 OK in 219ms (Views: 74.5ms | ActiveRecord: 0.0ms | Allocations: 3585)


Started GET "/tweets" for ::1 at 2021-08-19 00:41:14 +0300
Processing by TweetsController#index as HTML
  Rendering layout layouts/application.html.erb
  Rendering tweets/index.html.erb within layouts/application
  [1m[36mTweet Load (0.2ms)[0m  [1m[34mSELECT "tweets".* FROM "tweets"[0m
  ↳ app/views/tweets/index.html.erb:14
  Rendered tweets/index.html.erb within layouts/application (Duration: 4.8ms | Allocations: 1001)
[Webpacker] Compiling...
[Webpacker] Compiled all packs in /home/oksana/t-w-itter/public/packs
[Webpacker] Though the "loose" option was set to "false" in your @babel/preset-env config, it will not be used for @babel/plugin-proposal-private-property-in-object since the "loose" mode option was set to "true" for @babel/plugin-proposal-class-properties.
The "loose" option must be the same for @babel/plugin-proposal-class-properties, @babel/plugin-proposal-private-methods and @babel/plugin-proposal-private-property-in-object (when they are enabled): you can silence this warning by explicitly adding
	["@babel/plugin-proposal-private-property-in-object", { "loose": true }]
to the "plugins" section of your Babel config.
Though the "loose" option was set to "false" in your @babel/preset-env config, it will not be used for @babel/plugin-proposal-private-methods since the "loose" mode option was set to "true" for @babel/plugin-proposal-private-property-in-object.
The "loose" option must be the same for @babel/plugin-proposal-class-properties, @babel/plugin-proposal-private-methods and @babel/plugin-proposal-private-property-in-object (when they are enabled): you can silence this warning by explicitly adding
	["@babel/plugin-proposal-private-methods", { "loose": true }]
to the "plugins" section of your Babel config.
Though the "loose" option was set to "false" in your @babel/preset-env config, it will not be used for @babel/plugin-proposal-private-property-in-object since the "loose" mode option was set to "true" for @babel/plugin-proposal-class-properties.
The "loose" option must be the same for @babel/plugin-proposal-class-properties, @babel/plugin-proposal-private-methods and @babel/plugin-proposal-private-property-in-object (when they are enabled): you can silence this warning by explicitly adding
	["@babel/plugin-proposal-private-property-in-object", { "loose": true }]
to the "plugins" section of your Babel config.
Though the "loose" option was set to "false" in your @babel/preset-env config, it will not be used for @babel/plugin-proposal-private-methods since the "loose" mode option was set to "true" for @babel/plugin-proposal-private-property-in-object.
The "loose" option must be the same for @babel/plugin-proposal-class-properties, @babel/plugin-proposal-private-methods and @babel/plugin-proposal-private-property-in-object (when they are enabled): you can silence this warning by explicitly adding
	["@babel/plugin-proposal-private-methods", { "loose": true }]
to the "plugins" section of your Babel config.
Though the "loose" option was set to "false" in your @babel/preset-env config, it will not be used for @babel/plugin-proposal-private-property-in-object since the "loose" mode option was set to "true" for @babel/plugin-proposal-class-properties.
The "loose" option must be the same for @babel/plugin-proposal-class-properties, @babel/plugin-proposal-private-methods and @babel/plugin-proposal-private-property-in-object (when they are enabled): you can silence this warning by explicitly adding
	["@babel/plugin-proposal-private-property-in-object", { "loose": true }]
to the "plugins" section of your Babel config.
Though the "loose" option was set to "false" in your @babel/preset-env config, it will not be used for @babel/plugin-proposal-private-methods since the "loose" mode option was set to "true" for @babel/plugin-proposal-private-property-in-object.
The "loose" option must be the same for @babel/plugin-proposal-class-properties, @babel/plugin-proposal-private-methods and @babel/plugin-proposal-private-property-in-object (when they are enabled): you can silence this warning by explicitly adding
	["@babel/plugin-proposal-private-methods", { "loose": true }]
to the "plugins" section of your Babel config.
Though the "loose" option was set to "false" in your @babel/preset-env config, it will not be used for @babel/plugin-proposal-private-property-in-object since the "loose" mode option was set to "true" for @babel/plugin-proposal-class-properties.
The "loose" option must be the same for @babel/plugin-proposal-class-properties, @babel/plugin-proposal-private-methods and @babel/plugin-proposal-private-property-in-object (when they are enabled): you can silence this warning by explicitly adding
	["@babel/plugin-proposal-private-property-in-object", { "loose": true }]
to the "plugins" section of your Babel config.
Though the "loose" option was set to "false" in your @babel/preset-env config, it will not be used for @babel/plugin-proposal-private-methods since the "loose" mode option was set to "true" for @babel/plugin-proposal-private-property-in-object.
The "loose" option must be the same for @babel/plugin-proposal-class-properties, @babel/plugin-proposal-private-methods and @babel/plugin-proposal-private-property-in-object (when they are enabled): you can silence this warning by explicitly adding
	["@babel/plugin-proposal-private-methods", { "loose": true }]
to the "plugins" section of your Babel config.
Though the "loose" option was set to "false" in your @babel/preset-env config, it will not be used for @babel/plugin-proposal-private-property-in-object since the "loose" mode option was set to "true" for @babel/plugin-proposal-class-properties.
The "loose" option must be the same for @babel/plugin-proposal-class-properties, @babel/plugin-proposal-private-methods and @babel/plugin-proposal-private-property-in-object (when they are enabled): you can silence this warning by explicitly adding
	["@babel/plugin-proposal-private-property-in-object", { "loose": true }]
to the "plugins" section of your Babel config.
Though the "loose" option was set to "false" in your @babel/preset-env config, it will not be used for @babel/plugin-proposal-private-methods since the "loose" mode option was set to "true" for @babel/plugin-proposal-private-property-in-object.
The "loose" option must be the same for @babel/plugin-proposal-class-properties, @babel/plugin-proposal-private-methods and @babel/plugin-proposal-private-property-in-object (when they are enabled): you can silence this warning by explicitly adding
	["@babel/plugin-proposal-private-methods", { "loose": true }]
to the "plugins" section of your Babel config.
Though the "loose" option was set to "false" in your @babel/preset-env config, it will not be used for @babel/plugin-proposal-private-property-in-object since the "loose" mode option was set to "true" for @babel/plugin-proposal-class-properties.
The "loose" option must be the same for @babel/plugin-proposal-class-properties, @babel/plugin-proposal-private-methods and @babel/plugin-proposal-private-property-in-object (when they are enabled): you can silence this warning by explicitly adding
	["@babel/plugin-proposal-private-property-in-object", { "loose": true }]
to the "plugins" section of your Babel config.
Though the "loose" option was set to "false" in your @babel/preset-env config, it will not be used for @babel/plugin-proposal-private-methods since the "loose" mode option was set to "true" for @babel/plugin-proposal-private-property-in-object.
The "loose" option must be the same for @babel/plugin-proposal-class-properties, @babel/plugin-proposal-private-methods and @babel/plugin-proposal-private-property-in-object (when they are enabled): you can silence this warning by explicitly adding
	["@babel/plugin-proposal-private-methods", { "loose": true }]
to the "plugins" section of your Babel config.

[Webpacker] Hash: e2f281de3ea1fdc4fa5a
Version: webpack 4.46.0
Time: 2629ms
Built at: 08/19/2021 12:41:20 AM
                                     Asset       Size       Chunks                         Chunk Names
    js/application-be412d64645010827f4e.js    125 KiB  application  [emitted] [immutable]  application
js/application-be412d64645010827f4e.js.map    139 KiB  application  [emitted] [dev]        application
                             manifest.json  364 bytes               [emitted]              
Entrypoint application = js/application-be412d64645010827f4e.js js/application-be412d64645010827f4e.js.map
[./app/javascript/channels sync recursive _channel\.js$] ./app/javascript/channels sync _channel\.js$ 160 bytes {application} [built]
[./app/javascript/channels/index.js] 211 bytes {application} [built]
[./app/javascript/packs/application.js] 492 bytes {application} [built]
[./node_modules/webpack/buildin/module.js] (webpack)/buildin/module.js 552 bytes {application} [built]
    + 3 hidden modules

  Rendered layout layouts/application.html.erb (Duration: 6625.8ms | Allocations: 19972)
Completed 200 OK in 6668ms (Views: 6662.9ms | ActiveRecord: 0.2ms | Allocations: 21398)


Started GET "/tweets/new" for ::1 at 2021-08-19 00:42:07 +0300
Processing by TweetsController#new as HTML
  Rendering layout layouts/application.html.erb
  Rendering tweets/new.html.erb within layouts/application
  Rendered tweets/_form.html.erb (Duration: 173.6ms | Allocations: 6763)
  Rendered tweets/new.html.erb within layouts/application (Duration: 175.3ms | Allocations: 7105)
[Webpacker] Everything's up-to-date. Nothing to do
  Rendered layout layouts/application.html.erb (Duration: 183.6ms | Allocations: 9990)
Completed 200 OK in 197ms (Views: 185.7ms | ActiveRecord: 1.3ms | Allocations: 13008)


Started GET "/tweets" for ::1 at 2021-08-19 00:42:12 +0300
Processing by TweetsController#index as HTML
  Rendering layout layouts/application.html.erb
  Rendering tweets/index.html.erb within layouts/application
  [1m[36mTweet Load (0.2ms)[0m  [1m[34mSELECT "tweets".* FROM "tweets"[0m
  ↳ app/views/tweets/index.html.erb:14
  Rendered tweets/index.html.erb within layouts/application (Duration: 5.6ms | Allocations: 710)
[Webpacker] Everything's up-to-date. Nothing to do
  Rendered layout layouts/application.html.erb (Duration: 20.7ms | Allocations: 3692)
Completed 200 OK in 29ms (Views: 27.0ms | ActiveRecord: 0.2ms | Allocations: 4665)


Started GET "/" for ::1 at 2021-08-19 00:44:20 +0300
Processing by TweetsController#index as HTML
  Rendering layout layouts/application.html.erb
  Rendering tweets/index.html.erb within layouts/application
  [1m[35m (0.2ms)[0m  [1m[34mSELECT sqlite_version(*)[0m
  ↳ app/views/tweets/index.html.erb:14
  [1m[36mTweet Load (0.3ms)[0m  [1m[34mSELECT "tweets".* FROM "tweets"[0m
  ↳ app/views/tweets/index.html.erb:14
  Rendered tweets/index.html.erb within layouts/application (Duration: 8.6ms | Allocations: 1414)
[Webpacker] Everything's up-to-date. Nothing to do
  Rendered layout layouts/application.html.erb (Duration: 18.4ms | Allocations: 4512)
Completed 200 OK in 23ms (Views: 20.2ms | ActiveRecord: 0.8ms | Allocations: 5322)


Started GET "/" for ::1 at 2021-08-19 00:44:24 +0300
Processing by TweetsController#index as HTML
  Rendering layout layouts/application.html.erb
  Rendering tweets/index.html.erb within layouts/application
  [1m[36mTweet Load (0.2ms)[0m  [1m[34mSELECT "tweets".* FROM "tweets"[0m
  ↳ app/views/tweets/index.html.erb:14
  Rendered tweets/index.html.erb within layouts/application (Duration: 5.3ms | Allocations: 700)
[Webpacker] Everything's up-to-date. Nothing to do
  Rendered layout layouts/application.html.erb (Duration: 14.1ms | Allocations: 3686)
Completed 200 OK in 18ms (Views: 16.4ms | ActiveRecord: 0.2ms | Allocations: 4077)


Started GET "/tweets/new" for ::1 at 2021-08-19 00:44:45 +0300
Processing by TweetsController#new as HTML
  Rendering layout layouts/application.html.erb
  Rendering tweets/new.html.erb within layouts/application
  Rendered tweets/_form.html.erb (Duration: 3.5ms | Allocations: 548)
  Rendered tweets/new.html.erb within layouts/application (Duration: 5.2ms | Allocations: 653)
[Webpacker] Everything's up-to-date. Nothing to do
  Rendered layout layouts/application.html.erb (Duration: 19.5ms | Allocations: 4226)
Completed 200 OK in 34ms (Views: 21.8ms | ActiveRecord: 1.9ms | Allocations: 6580)


Started POST "/tweets" for ::1 at 2021-08-19 00:45:05 +0300
Processing by TweetsController#create as HTML
  Parameters: {"authenticity_token"=>"[FILTERED]", "tweet"=>{"tweet"=>"My 1st tweet\r\n"}, "commit"=>"Create Tweet"}
  [1m[36mTRANSACTION (0.1ms)[0m  [1m[36mbegin transaction[0m
  ↳ app/controllers/tweets_controller.rb:27:in `block in create'
  [1m[36mTweet Create (0.6ms)[0m  [1m[32mINSERT INTO "tweets" ("tweet", "created_at", "updated_at") VALUES (?, ?, ?)[0m  [["tweet", "My 1st tweet\r\n"], ["created_at", "2021-08-18 21:45:05.768473"], ["updated_at", "2021-08-18 21:45:05.768473"]]
  ↳ app/controllers/tweets_controller.rb:27:in `block in create'
  [1m[36mTRANSACTION (80.9ms)[0m  [1m[36mcommit transaction[0m
  ↳ app/controllers/tweets_controller.rb:27:in `block in create'
Redirected to http://localhost:3000/tweets/1
Completed 302 Found in 99ms (ActiveRecord: 81.6ms | Allocations: 4588)


Started GET "/tweets/1" for ::1 at 2021-08-19 00:45:05 +0300
Processing by TweetsController#show as HTML
  Parameters: {"id"=>"1"}
  [1m[36mTweet Load (0.3ms)[0m  [1m[34mSELECT "tweets".* FROM "tweets" WHERE "tweets"."id" = ? LIMIT ?[0m  [["id", 1], ["LIMIT", 1]]
  ↳ app/controllers/tweets_controller.rb:63:in `set_tweet'
  Rendering layout layouts/application.html.erb
  Rendering tweets/show.html.erb within layouts/application
  Rendered tweets/show.html.erb within layouts/application (Duration: 1.1ms | Allocations: 247)
[Webpacker] Everything's up-to-date. Nothing to do
  Rendered layout layouts/application.html.erb (Duration: 10.2ms | Allocations: 3175)
Completed 200 OK in 25ms (Views: 11.1ms | ActiveRecord: 0.3ms | Allocations: 6501)


Started GET "/tweets" for ::1 at 2021-08-19 00:45:20 +0300
Processing by TweetsController#index as HTML
  Rendering layout layouts/application.html.erb
  Rendering tweets/index.html.erb within layouts/application
  [1m[36mTweet Load (0.3ms)[0m  [1m[34mSELECT "tweets".* FROM "tweets"[0m
  ↳ app/views/tweets/index.html.erb:14
  Rendered tweets/index.html.erb within layouts/application (Duration: 5.5ms | Allocations: 805)
[Webpacker] Everything's up-to-date. Nothing to do
  Rendered layout layouts/application.html.erb (Duration: 23.0ms | Allocations: 4353)
Completed 200 OK in 25ms (Views: 23.7ms | ActiveRecord: 0.3ms | Allocations: 4749)


Started GET "/tweets/1/edit" for ::1 at 2021-08-19 00:46:49 +0300
Processing by TweetsController#edit as HTML
  Parameters: {"id"=>"1"}
  [1m[36mTweet Load (0.2ms)[0m  [1m[34mSELECT "tweets".* FROM "tweets" WHERE "tweets"."id" = ? LIMIT ?[0m  [["id", 1], ["LIMIT", 1]]
  ↳ app/controllers/tweets_controller.rb:63:in `set_tweet'
  Rendering layout layouts/application.html.erb
  Rendering tweets/edit.html.erb within layouts/application
  Rendered tweets/_form.html.erb (Duration: 2.1ms | Allocations: 547)
  Rendered tweets/edit.html.erb within layouts/application (Duration: 6.1ms | Allocations: 802)
[Webpacker] Everything's up-to-date. Nothing to do
  Rendered layout layouts/application.html.erb (Duration: 13.1ms | Allocations: 3782)
Completed 200 OK in 23ms (Views: 15.3ms | ActiveRecord: 0.2ms | Allocations: 4833)


Started GET "/tweets" for ::1 at 2021-08-19 00:46:50 +0300
Processing by TweetsController#index as HTML
  Rendering layout layouts/application.html.erb
  Rendering tweets/index.html.erb within layouts/application
  [1m[36mTweet Load (0.2ms)[0m  [1m[34mSELECT "tweets".* FROM "tweets"[0m
  ↳ app/views/tweets/index.html.erb:14
  Rendered tweets/index.html.erb within layouts/application (Duration: 5.6ms | Allocations: 802)
[Webpacker] Everything's up-to-date. Nothing to do
  Rendered layout layouts/application.html.erb (Duration: 15.7ms | Allocations: 3782)
Completed 200 OK in 19ms (Views: 17.6ms | ActiveRecord: 0.2ms | Allocations: 4177)


Started GET "/tweets" for ::1 at 2021-08-19 01:36:18 +0300
  [1m[35m (2.1ms)[0m  [1m[34mSELECT sqlite_version(*)[0m
  [1m[35m (0.4ms)[0m  [1m[34mSELECT "schema_migrations"."version" FROM "schema_migrations" ORDER BY "schema_migrations"."version" ASC[0m
Processing by TweetsController#index as HTML
  Rendering layout layouts/application.html.erb
  Rendering tweets/index.html.erb within layouts/application
  [1m[36mTweet Load (0.3ms)[0m  [1m[34mSELECT "tweets".* FROM "tweets"[0m
  ↳ app/views/tweets/index.html.erb:14
  Rendered tweets/index.html.erb within layouts/application (Duration: 47.0ms | Allocations: 3748)
[Webpacker] Everything's up-to-date. Nothing to do
  Rendered layout layouts/application.html.erb (Duration: 1316.4ms | Allocations: 120802)
Completed 200 OK in 1384ms (Views: 1351.1ms | ActiveRecord: 1.1ms | Allocations: 123660)


